<?xml version="1.0" encoding="UTF-8"?>
<!-- Generated by org.testng.reporters.JUnitReportReporter -->
<testsuite hostname="Manasa" failures="0" tests="2" name="pack2.OrgTest" time="0.002" errors="0" timestamp="9 Apr 2025 05:23:55 GMT">
  <testcase classname="pack2.OrgTest" name="createorgtest" time="0.001"/>
  <testcase classname="pack2.OrgTest" name="modifyorgtest" time="0.001"/>
</testsuite> <!-- pack2.OrgTest -->
