<?xml version="1.0" encoding="UTF-8"?>
<!-- Generated by org.testng.reporters.JUnitReportReporter -->
<testsuite hostname="Manasa" failures="0" tests="2" name="pack1.ContactTest" time="0.024" errors="0" timestamp="9 Apr 2025 05:23:55 GMT">
  <testcase classname="pack1.ContactTest" name="createcontacttest" time="0.022"/>
  <testcase classname="pack1.ContactTest" name="modifycontacttest" time="0.002"/>
</testsuite> <!-- pack1.ContactTest -->
