<?xml version="1.0" encoding="UTF-8"?>
<!-- Generated by org.testng.reporters.JUnitReportReporter -->
<testsuite hostname="Manasa" failures="0" tests="2" name="pack1.ContactTest" time="0.010" errors="0" timestamp="2025-04-09T11:34:11 IST" skipped="0">
  <testcase classname="pack1.ContactTest" name="createcontacttest" time="0.009"/>
  <system-out/>
  <testcase classname="pack1.ContactTest" name="modifycontacttest" time="0.001"/>
  <system-out/>
</testsuite> <!-- pack1.ContactTest -->
