<?xml version="1.0" encoding="UTF-8"?>
<!-- Generated by org.testng.reporters.JUnitReportReporter -->
<testsuite hostname="Manasa" failures="0" tests="2" name="pack2.OrgTest" time="0.000" errors="0" timestamp="2025-04-09T11:34:11 IST" skipped="0">
  <testcase classname="pack2.OrgTest" name="modifyorgtest" time="0.000"/>
  <system-out/>
  <testcase classname="pack2.OrgTest" name="createorgtest" time="0.000"/>
  <system-out/>
</testsuite> <!-- pack2.OrgTest -->
